<?xml version="1.0" encoding="UTF-8"?>
<testng-results skipped="0" failed="0" ignored="0" total="1" passed="1">
  <reporter-output>
  </reporter-output>
  <suite name="Suite" duration-ms="37975" started-at="2020-04-11T01:07:23Z" finished-at="2020-04-11T01:08:01Z">
    <groups>
    </groups>
    <test name="Test" duration-ms="37975" started-at="2020-04-11T01:07:23Z" finished-at="2020-04-11T01:08:01Z">
      <class name="test.TESTActitimeLogin">
        <test-method status="PASS" signature="openApp()[pri:0, instance:test.TESTActitimeLogin@17d0685f]" name="openApp" is-config="true" duration-ms="32633" started-at="2020-04-11T01:07:23Z" finished-at="2020-04-11T01:07:56Z">
          <reporter-output>
          </reporter-output>
        </test-method> <!-- openApp -->
        <test-method status="PASS" signature="login()[pri:0, instance:test.TESTActitimeLogin@17d0685f]" name="login" duration-ms="5185" started-at="2020-04-11T01:07:56Z" finished-at="2020-04-11T01:08:01Z">
          <reporter-output>
          </reporter-output>
        </test-method> <!-- login -->
        <test-method status="PASS" signature="closeApp()[pri:0, instance:test.TESTActitimeLogin@17d0685f]" name="closeApp" is-config="true" duration-ms="1" started-at="2020-04-11T01:08:01Z" finished-at="2020-04-11T01:08:01Z">
          <reporter-output>
          </reporter-output>
        </test-method> <!-- closeApp -->
      </class> <!-- test.TESTActitimeLogin -->
    </test> <!-- Test -->
  </suite> <!-- Suite -->
</testng-results>
